<?xml version="1.0" encoding="UTF-8"?><testsuite failures="0" name="cucumber.runtime.formatter.JUnitFormatter" skipped="0" tests="1" time="0.217568">
<testcase classname="Testing Actions class" name="Actions class practise" time="0.217568">
<system-out><![CDATA[Given user is on login page.................................................passed
Then click on more menu.....................................................passed
Then wait until webelement is located.......................................passed
Then select and click Deals from more menu..................................passed
]]></system-out>
</testcase>
</testsuite>
